<?xml version="1.0" encoding="UTF-8"?>
<testng-results ignored="0" total="2" passed="2" failed="0" skipped="0">
  <reporter-output>
  </reporter-output>
  <suite started-at="2024-04-23T01:34:16 BDT" name="Default suite" finished-at="2024-04-23T01:34:25 BDT" duration-ms="8547">
    <groups>
    </groups>
    <test started-at="2024-04-23T01:34:16 BDT" name="Default test" finished-at="2024-04-23T01:34:25 BDT" duration-ms="8547">
      <class name="packagebugtuitorial1.bugclasstuitorial2">
        <test-method is-config="true" signature="Init()[pri:0, instance:packagebugtuitorial1.bugclasstuitorial2@1d296da]" started-at="2024-04-23T01:34:16 BDT" name="Init" finished-at="2024-04-23T01:34:18 BDT" duration-ms="2066" status="PASS">
          <reporter-output>
          </reporter-output>
        </test-method> <!-- Init -->
        <test-method signature="login()[pri:0, instance:packagebugtuitorial1.bugclasstuitorial2@1d296da]" started-at="2024-04-23T01:34:19 BDT" name="login" finished-at="2024-04-23T01:34:25 BDT" duration-ms="6311" status="PASS">
          <reporter-output>
          </reporter-output>
        </test-method> <!-- login -->
        <test-method signature="page1()[pri:0, instance:packagebugtuitorial1.bugclasstuitorial2@1d296da]" started-at="2024-04-23T01:34:25 BDT" name="page1" finished-at="2024-04-23T01:34:25 BDT" duration-ms="141" status="PASS">
          <reporter-output>
          </reporter-output>
        </test-method> <!-- page1 -->
      </class> <!-- packagebugtuitorial1.bugclasstuitorial2 -->
    </test> <!-- Default test -->
  </suite> <!-- Default suite -->
</testng-results>
